<?xml version="1.0" encoding="UTF-8"?>
<!-- Generated by org.testng.reporters.JUnitReportReporter -->
<testsuite skipped="0" hostname="DESKTOP-JT91DMP" name="Demo_TestNG.Demo_TestNG.annotation" tests="1" failures="0" timestamp="22 May 2020 05:44:17 GMT" time="0.007" errors="0">
  <testcase name="m11" time="0.007" classname="Demo_TestNG.Demo_TestNG.annotation"/>
</testsuite> <!-- Demo_TestNG.Demo_TestNG.annotation -->
