<?xml version="1.0" encoding="UTF-8"?>
<!-- Generated by org.testng.reporters.JUnitReportReporter -->
<testsuite skipped="0" hostname="DESKTOP-JT91DMP" name="Demo_TestNG.Demo_TestNG.TC_LOgin_Assertion" tests="1" failures="0" timestamp="26 May 2020 03:20:58 GMT" time="0.028" errors="0">
  <testcase name="TC_Login_01" time="0.028" classname="Demo_TestNG.Demo_TestNG.TC_LOgin_Assertion"/>
</testsuite> <!-- Demo_TestNG.Demo_TestNG.TC_LOgin_Assertion -->
