<?xml version="1.0" encoding="UTF-8"?>
<!-- Generated by org.testng.reporters.JUnitReportReporter -->
<testsuite skipped="0" hostname="DESKTOP-JT91DMP" name="Demo_TestNG.Demo_TestNG.attest_annotation" tests="4" failures="0" timestamp="22 May 2020 06:37:34 GMT" time="0.015" errors="0">
  <testcase name="A2M1" time="0.008" classname="Demo_TestNG.Demo_TestNG.attest_annotation"/>
  <testcase name="m1" time="0.001" classname="Demo_TestNG.Demo_TestNG.attest_annotation"/>
  <testcase name="a1M1" time="0.003" classname="Demo_TestNG.Demo_TestNG.attest_annotation"/>
  <testcase name="aM1" time="0.003" classname="Demo_TestNG.Demo_TestNG.attest_annotation"/>
</testsuite> <!-- Demo_TestNG.Demo_TestNG.attest_annotation -->
