<?xml version="1.0" encoding="UTF-8"?>
<!-- Generated by org.testng.reporters.JUnitReportReporter -->
<testsuite skipped="1" hostname="DESKTOP-JT91DMP" name="Demo_TestNG.Demo_TestNG.priority_TestNg" tests="4" failures="0" timestamp="22 May 2020 07:01:59 GMT" time="0.018" errors="0">
  <testcase name="aM1" time="0.015" classname="Demo_TestNG.Demo_TestNG.priority_TestNg"/>
  <testcase name="A2M1" time="0.002" classname="Demo_TestNG.Demo_TestNG.priority_TestNg"/>
  <testcase name="m1" time="0.001" classname="Demo_TestNG.Demo_TestNG.priority_TestNg"/>
  <testcase name="a1M1" classname="Demo_TestNG.Demo_TestNG.priority_TestNg">
    <skipped/>
  </testcase> <!-- a1M1 -->
</testsuite> <!-- Demo_TestNG.Demo_TestNG.priority_TestNg -->
