<?xml version="1.0" encoding="UTF-8"?>
<!-- Generated by org.testng.reporters.JUnitReportReporter -->
<testsuite skipped="0" hostname="DESKTOP-JT91DMP" name="Demo_TestNG.Demo_TestNG.Demo_dataProvider" tests="5" failures="0" timestamp="25 May 2020 15:38:57 GMT" time="0.007" errors="0">
  <testcase name="validatingTrainerInfo" time="0.005" classname="Demo_TestNG.Demo_TestNG.Demo_dataProvider"/>
  <testcase name="validatingTrainerInfo" time="0.001" classname="Demo_TestNG.Demo_TestNG.Demo_dataProvider"/>
  <testcase name="validatingTrainerInfo" time="0.000" classname="Demo_TestNG.Demo_TestNG.Demo_dataProvider"/>
  <testcase name="validatingTrainerInfo" time="0.000" classname="Demo_TestNG.Demo_TestNG.Demo_dataProvider"/>
  <testcase name="validatingTrainerInfo" time="0.001" classname="Demo_TestNG.Demo_TestNG.Demo_dataProvider"/>
</testsuite> <!-- Demo_TestNG.Demo_TestNG.Demo_dataProvider -->
