<?xml version="1.0" encoding="UTF-8"?>
<!-- Generated by org.testng.reporters.JUnitReportReporter -->
<testsuite skipped="0" hostname="DESKTOP-JT91DMP" name="Demo_TestNG.Demo_TestNG.TC_Home" tests="2" failures="0" timestamp="25 May 2020 18:17:27 GMT" time="0.007" errors="0">
  <testcase name="TC_Home_01" time="0.006" classname="Demo_TestNG.Demo_TestNG.TC_Home"/>
  <testcase name="TC_Home_02" time="0.001" classname="Demo_TestNG.Demo_TestNG.TC_Home"/>
</testsuite> <!-- Demo_TestNG.Demo_TestNG.TC_Home -->
