<?xml version="1.0" encoding="UTF-8"?>
<!-- Generated by org.testng.reporters.JUnitReportReporter -->
<testsuite skipped="0" hostname="DESKTOP-JT91DMP" name="Demo_TestNG.Demo_TestNG.TC_Login_Group" tests="2" failures="0" timestamp="11 Jun 2020 16:01:21 GMT" time="0.002" errors="0">
  <testcase name="TC_Login_01" time="0.001" classname="Demo_TestNG.Demo_TestNG.TC_Login_Group"/>
  <testcase name="TC_Login_03" time="0.001" classname="Demo_TestNG.Demo_TestNG.TC_Login_Group"/>
</testsuite> <!-- Demo_TestNG.Demo_TestNG.TC_Login_Group -->
