<?xml version="1.0" encoding="UTF-8"?>
<!-- Generated by org.testng.reporters.JUnitReportReporter -->
<testsuite skipped="0" hostname="DESKTOP-JT91DMP" name="Demo_TestNG.Demo_TestNG.annotation_1" tests="1" failures="0" timestamp="22 May 2020 06:41:37 GMT" time="0.005" errors="0">
  <testcase name="m3" time="0.005" classname="Demo_TestNG.Demo_TestNG.annotation_1"/>
</testsuite> <!-- Demo_TestNG.Demo_TestNG.annotation_1 -->
