<?xml version="1.0" encoding="UTF-8"?>
<!-- Generated by org.testng.reporters.JUnitReportReporter -->
<testsuite skipped="0" hostname="DESKTOP-JT91DMP" name="Demo_TestNG.Demo_TestNG.TC_Login_dependsOnMethod" tests="4" failures="0" timestamp="25 May 2020 21:04:11 GMT" time="0.017" errors="0">
  <testcase name="TC_Login_03" time="0.001" classname="Demo_TestNG.Demo_TestNG.TC_Login_dependsOnMethod"/>
  <testcase name="TC_Login_04" time="0.002" classname="Demo_TestNG.Demo_TestNG.TC_Login_dependsOnMethod"/>
  <testcase name="TC_Login_01" time="0.013" classname="Demo_TestNG.Demo_TestNG.TC_Login_dependsOnMethod"/>
  <testcase name="TC_Login_02" time="0.001" classname="Demo_TestNG.Demo_TestNG.TC_Login_dependsOnMethod"/>
</testsuite> <!-- Demo_TestNG.Demo_TestNG.TC_Login_dependsOnMethod -->
