<?xml version="1.0" encoding="UTF-8"?>
<!-- Generated by org.testng.reporters.JUnitReportReporter -->
<testsuite skipped="0" hostname="DESKTOP-JT91DMP" name="Demo_TestNG.Demo_TestNG.TC_Login" tests="1" failures="0" timestamp="25 May 2020 18:17:27 GMT" time="0.000" errors="0">
  <testcase name="TC_Login_04" time="0.000" classname="Demo_TestNG.Demo_TestNG.TC_Login"/>
</testsuite> <!-- Demo_TestNG.Demo_TestNG.TC_Login -->
