<?xml version="1.0" encoding="UTF-8"?>
<!-- Generated by org.testng.reporters.JUnitReportReporter -->
<testsuite skipped="0" hostname="DESKTOP-JT91DMP" name="Demo_TestNG.Demo_TestNG.TC_Home_Group" tests="1" failures="0" timestamp="11 Jun 2020 15:32:37 GMT" time="0.005" errors="0">
  <testcase name="TC_Home_02" time="0.005" classname="Demo_TestNG.Demo_TestNG.TC_Home_Group"/>
</testsuite> <!-- Demo_TestNG.Demo_TestNG.TC_Home_Group -->
